# JRE version: Java(TM) SE Runtime Environment (8.0_333-b02) (build 1.8.0_333-b02)
# Java VM: Java HotSpot(TM) 64-Bit Server VM (25.333-b02 mixed mode windows-amd64 compressed oops)
Heap:
 PSYoungGen      total 76288K, used 23930K [0x000000076ab00000, 0x0000000770000000, 0x00000007c0000000)
  eden space 65536K, 36% used [0x000000076ab00000,0x000000076c25e850,0x000000076eb00000)
  from space 10752K, 0% used [0x000000076f580000,0x000000076f580000,0x0000000770000000)
  to   space 10752K, 0% used [0x000000076eb00000,0x000000076eb00000,0x000000076f580000)
 ParOldGen       total 117760K, used 18528K [0x00000006c0000000, 0x00000006c7300000, 0x000000076ab00000)
  object space 117760K, 15% used [0x00000006c0000000,0x00000006c1218350,0x00000006c7300000)
 Metaspace       used 16641K, capacity 17078K, committed 17408K, reserved 1069056K
  class space    used 1832K, capacity 1949K, committed 2048K, reserved 1048576K
GC Heap History (10 events):
Event: 1.789 GC heap before
{Heap before GC invocations=3 (full 1):
 PSYoungGen      total 76288K, used 65536K [0x000000076ab00000, 0x0000000770000000, 0x00000007c0000000)
  eden space 65536K, 100% used [0x000000076ab00000,0x000000076eb00000,0x000000076eb00000)
  from space 10752K, 0% used [0x000000076eb00000,0x000000076eb00000,0x000000076f580000)
  to   space 10752K, 0% used [0x000000076f580000,0x000000076f580000,0x0000000770000000)
 ParOldGen       total 117760K, used 3528K [0x00000006c0000000, 0x00000006c7300000, 0x000000076ab00000)
  object space 117760K, 2% used [0x00000006c0000000,0x00000006c0372000,0x00000006c7300000)
 Metaspace       used 14100K, capacity 14604K, committed 14848K, reserved 1062912K
  class space    used 1652K, capacity 1764K, committed 1792K, reserved 1048576K
Event: 1.812 GC heap after
Heap after GC invocations=3 (full 1):
 PSYoungGen      total 76288K, used 10730K [0x000000076ab00000, 0x0000000770000000, 0x00000007c0000000)
  eden space 65536K, 0% used [0x000000076ab00000,0x000000076ab00000,0x000000076eb00000)
  from space 10752K, 99% used [0x000000076f580000,0x000000076fffa9a0,0x0000000770000000)
  to   space 10752K, 0% used [0x000000076eb00000,0x000000076eb00000,0x000000076f580000)
 ParOldGen       total 117760K, used 7350K [0x00000006c0000000, 0x00000006c7300000, 0x000000076ab00000)
  object space 117760K, 6% used [0x00000006c0000000,0x00000006c072d940,0x00000006c7300000)
 Metaspace       used 14100K, capacity 14604K, committed 14848K, reserved 1062912K
  class space    used 1652K, capacity 1764K, committed 1792K, reserved 1048576K
}
Event: 2.735 GC heap before
{Heap before GC invocations=4 (full 1):
 PSYoungGen      total 76288K, used 71749K [0x000000076ab00000, 0x0000000770000000, 0x00000007c0000000)
  eden space 65536K, 93% used [0x000000076ab00000,0x000000076e696ba8,0x000000076eb00000)
  from space 10752K, 99% used [0x000000076f580000,0x000000076fffa9a0,0x0000000770000000)
  to   space 10752K, 0% used [0x000000076eb00000,0x000000076eb00000,0x000000076f580000)
 ParOldGen       total 117760K, used 7350K [0x00000006c0000000, 0x00000006c7300000, 0x000000076ab00000)
  object space 117760K, 6% used [0x00000006c0000000,0x00000006c072d940,0x00000006c7300000)
 Metaspace       used 16304K, capacity 16780K, committed 16896K, reserved 1069056K
  class space    used 1818K, capacity 1956K, committed 2048K, reserved 1048576K
Event: 2.750 GC heap after
Heap after GC invocations=4 (full 1):
 PSYoungGen      total 76288K, used 10741K [0x000000076ab00000, 0x0000000770000000, 0x00000007c0000000)
  eden space 65536K, 0% used [0x000000076ab00000,0x000000076ab00000,0x000000076eb00000)
  from space 10752K, 99% used [0x000000076eb00000,0x000000076f57d6d8,0x000000076f580000)
  to   space 10752K, 0% used [0x000000076f580000,0x000000076f580000,0x0000000770000000)
 ParOldGen       total 117760K, used 13060K [0x00000006c0000000, 0x00000006c7300000, 0x000000076ab00000)
  object space 117760K, 11% used [0x00000006c0000000,0x00000006c0cc12e8,0x00000006c7300000)
 Metaspace       used 16304K, capacity 16780K, committed 16896K, reserved 1069056K
  class space    used 1818K, capacity 1956K, committed 2048K, reserved 1048576K
}
Event: 2.750 GC heap before
{Heap before GC invocations=5 (full 2):
 PSYoungGen      total 76288K, used 10741K [0x000000076ab00000, 0x0000000770000000, 0x00000007c0000000)
  eden space 65536K, 0% used [0x000000076ab00000,0x000000076ab00000,0x000000076eb00000)
  from space 10752K, 99% used [0x000000076eb00000,0x000000076f57d6d8,0x000000076f580000)
  to   space 10752K, 0% used [0x000000076f580000,0x000000076f580000,0x0000000770000000)
 ParOldGen       total 117760K, used 13060K [0x00000006c0000000, 0x00000006c7300000, 0x000000076ab00000)
  object space 117760K, 11% used [0x00000006c0000000,0x00000006c0cc12e8,0x00000006c7300000)
 Metaspace       used 16304K, capacity 16780K, committed 16896K, reserved 1069056K
  class space    used 1818K, capacity 1956K, committed 2048K, reserved 1048576K
Event: 2.818 GC heap after
Heap after GC invocations=5 (full 2):
 PSYoungGen      total 76288K, used 0K [0x000000076ab00000, 0x0000000770000000, 0x00000007c0000000)
  eden space 65536K, 0% used [0x000000076ab00000,0x000000076ab00000,0x000000076eb00000)
  from space 10752K, 0% used [0x000000076eb00000,0x000000076eb00000,0x000000076f580000)
  to   space 10752K, 0% used [0x000000076f580000,0x000000076f580000,0x0000000770000000)
 ParOldGen       total 117760K, used 19680K [0x00000006c0000000, 0x00000006c7300000, 0x000000076ab00000)
  object space 117760K, 16% used [0x00000006c0000000,0x00000006c1338028,0x00000006c7300000)
 Metaspace       used 16304K, capacity 16780K, committed 16896K, reserved 1067008K
  class space    used 1818K, capacity 1956K, committed 2048K, reserved 1048576K
}
Event: 2.818 GC heap before
{Heap before GC invocations=6 (full 2):
 PSYoungGen      total 76288K, used 0K [0x000000076ab00000, 0x0000000770000000, 0x00000007c0000000)
  eden space 65536K, 0% used [0x000000076ab00000,0x000000076ab00000,0x000000076eb00000)
  from space 10752K, 0% used [0x000000076eb00000,0x000000076eb00000,0x000000076f580000)
  to   space 10752K, 0% used [0x000000076f580000,0x000000076f580000,0x0000000770000000)
 ParOldGen       total 117760K, used 19680K [0x00000006c0000000, 0x00000006c7300000, 0x000000076ab00000)
  object space 117760K, 16% used [0x00000006c0000000,0x00000006c1338028,0x00000006c7300000)
 Metaspace       used 16304K, capacity 16780K, committed 16896K, reserved 1071104K
  class space    used 1818K, capacity 1956K, committed 2048K, reserved 1048576K
Event: 2.819 GC heap after
Heap after GC invocations=6 (full 2):
 PSYoungGen      total 76288K, used 0K [0x000000076ab00000, 0x0000000770000000, 0x00000007c0000000)
  eden space 65536K, 0% used [0x000000076ab00000,0x000000076ab00000,0x000000076eb00000)
  from space 10752K, 0% used [0x000000076f580000,0x000000076f580000,0x0000000770000000)
  to   space 10752K, 0% used [0x000000076eb00000,0x000000076eb00000,0x000000076f580000)
 ParOldGen       total 117760K, used 19680K [0x00000006c0000000, 0x00000006c7300000, 0x000000076ab00000)
  object space 117760K, 16% used [0x00000006c0000000,0x00000006c1338028,0x00000006c7300000)
 Metaspace       used 16304K, capacity 16780K, committed 16896K, reserved 1071104K
  class space    used 1818K, capacity 1956K, committed 2048K, reserved 1048576K
}
Event: 2.819 GC heap before
{Heap before GC invocations=7 (full 3):
 PSYoungGen      total 76288K, used 0K [0x000000076ab00000, 0x0000000770000000, 0x00000007c0000000)
  eden space 65536K, 0% used [0x000000076ab00000,0x000000076ab00000,0x000000076eb00000)
  from space 10752K, 0% used [0x000000076f580000,0x000000076f580000,0x0000000770000000)
  to   space 10752K, 0% used [0x000000076eb00000,0x000000076eb00000,0x000000076f580000)
 ParOldGen       total 117760K, used 19680K [0x00000006c0000000, 0x00000006c7300000, 0x000000076ab00000)
  object space 117760K, 16% used [0x00000006c0000000,0x00000006c1338028,0x00000006c7300000)
 Metaspace       used 16304K, capacity 16780K, committed 16896K, reserved 1071104K
  class space    used 1818K, capacity 1956K, committed 2048K, reserved 1048576K
Event: 2.926 GC heap after
Heap after GC invocations=7 (full 3):
 PSYoungGen      total 76288K, used 0K [0x000000076ab00000, 0x0000000770000000, 0x00000007c0000000)
  eden space 65536K, 0% used [0x000000076ab00000,0x000000076ab00000,0x000000076eb00000)
  from space 10752K, 0% used [0x000000076f580000,0x000000076f580000,0x0000000770000000)
  to   space 10752K, 0% used [0x000000076eb00000,0x000000076eb00000,0x000000076f580000)
 ParOldGen       total 117760K, used 18528K [0x00000006c0000000, 0x00000006c7300000, 0x000000076ab00000)
  object space 117760K, 15% used [0x00000006c0000000,0x00000006c1218350,0x00000006c7300000)
 Metaspace       used 16291K, capacity 16758K, committed 16896K, reserved 1067008K
  class space    used 1814K, capacity 1949K, committed 2048K, reserved 1048576K
}

